[2024-02-09 07:58:31] [1] [WARN] Reporting disabled: using no op test run registrar
[2024-02-09 07:58:31] [1] [INFO] TEST [Surefire test - verifyVideosButtonTest] STARTED at [02:58:31 2024-02-09]
[2024-02-09 07:58:31] [1] [INFO] Starting driver session...
[2024-02-09 07:58:31] [1] [INFO] Driver session started.
[2024-02-09 07:58:31] [1] [INFO] INFO: opening url 'https://www.warframe.com/landing'
[2024-02-09 07:58:34] [1] [INFO] Element 'continueToHomeButton' is clicked.
[2024-02-09 07:58:34] [1] [INFO] INFO: opening url 'https://www.warframe.com'
[2024-02-09 07:58:35] [1] [INFO] Element 'videosButton' is clicked.
[2024-02-09 07:58:37] [1] [ERROR] TEST [Surefire test - verifyVideosButtonTest] FAILED at [02:58:37 2024-02-09] - Getting the value of parameter 'url' as required failed: the value is missing.

com.zebrunner.carina.utils.config.Configuration.lambda$getRequired$0(Configuration.java:163)
java.base/java.util.Optional.orElseThrow(Optional.java:408)
com.zebrunner.carina.utils.config.Configuration.getRequired(Configuration.java:162)
com.zebrunner.carina.utils.config.Configuration.getRequired(Configuration.java:157)
com.zebrunner.carina.webdriver.DriverHelper.getEnvArgURL(DriverHelper.java:385)
com.zebrunner.carina.webdriver.DriverHelper.openURL(DriverHelper.java:119)
com.zebrunner.carina.webdriver.DriverHelper.openURL(DriverHelper.java:109)
com.zebrunner.carina.webdriver.DriverHelper.open(DriverHelper.java:100)
com.solvd.carinatestautomation.web.HomePageTest.openAndVerifyPlayWarframeYouTubePage(HomePageTest.java:98)
com.solvd.carinatestautomation.web.HomePageTest.verifyVideosButtonTest(HomePageTest.java:40)
java.base/jdk.internal.reflect.NativeMethodAccessorImpl.invoke0(Native Method)
java.base/jdk.internal.reflect.NativeMethodAccessorImpl.invoke(NativeMethodAccessorImpl.java:62)
java.base/jdk.internal.reflect.DelegatingMethodAccessorImpl.invoke(DelegatingMethodAccessorImpl.java:43)
java.base/java.lang.reflect.Method.invoke(Method.java:566)
org.testng.internal.invokers.MethodInvocationHelper.invokeMethod(MethodInvocationHelper.java:139)
org.testng.internal.invokers.TestInvoker.invokeMethod(TestInvoker.java:664)
org.testng.internal.invokers.TestInvoker.invokeTestMethod(TestInvoker.java:228)
org.testng.internal.invokers.MethodRunner.runInSequence(MethodRunner.java:63)
org.testng.internal.invokers.TestInvoker$MethodInvocationAgent.invoke(TestInvoker.java:961)
org.testng.internal.invokers.TestInvoker.invokeTestMethods(TestInvoker.java:201)
org.testng.internal.invokers.TestMethodWorker.invokeTestMethods(TestMethodWorker.java:148)
org.testng.internal.invokers.TestMethodWorker.run(TestMethodWorker.java:128)
java.base/java.util.ArrayList.forEach(ArrayList.java:1541)
org.testng.TestRunner.privateRun(TestRunner.java:819)
org.testng.TestRunner.run(TestRunner.java:619)
org.testng.SuiteRunner.runTest(SuiteRunner.java:443)
org.testng.SuiteRunner.runSequentially(SuiteRunner.java:437)
org.testng.SuiteRunner.privateRun(SuiteRunner.java:397)
org.testng.SuiteRunner.run(SuiteRunner.java:336)
org.testng.SuiteRunnerWorker.runSuite(SuiteRunnerWorker.java:52)
org.testng.SuiteRunnerWorker.run(SuiteRunnerWorker.java:95)
org.testng.TestNG.runSuitesSequentially(TestNG.java:1301)
org.testng.TestNG.runSuitesLocally(TestNG.java:1228)
org.testng.TestNG.runSuites(TestNG.java:1134)
org.testng.TestNG.run(TestNG.java:1101)
org.apache.maven.surefire.testng.TestNGExecutor.run(TestNGExecutor.java:155)
org.apache.maven.surefire.testng.TestNGDirectoryTestSuite.executeMulti(TestNGDirectoryTestSuite.java:169)
org.apache.maven.surefire.testng.TestNGDirectoryTestSuite.execute(TestNGDirectoryTestSuite.java:88)
org.apache.maven.surefire.testng.TestNGProvider.invoke(TestNGProvider.java:137)
org.apache.maven.surefire.booter.ForkedBooter.runSuitesInProcess(ForkedBooter.java:385)
org.apache.maven.surefire.booter.ForkedBooter.execute(ForkedBooter.java:162)
org.apache.maven.surefire.booter.ForkedBooter.run(ForkedBooter.java:507)
org.apache.maven.surefire.booter.ForkedBooter.main(ForkedBooter.java:495)
