[2024-02-09 08:06:39] [1] [WARN] Reporting disabled: using no op test run registrar
[2024-02-09 08:06:39] [1] [INFO] TEST [Surefire test - verifyPrivacyPolicyButtonTest] STARTED at [03:06:39 2024-02-09]
[2024-02-09 08:06:39] [1] [INFO] Starting driver session...
[2024-02-09 08:06:40] [1] [INFO] Driver session started.
[2024-02-09 08:06:40] [1] [INFO] INFO: opening url 'https://www.warframe.com/landing'
[2024-02-09 08:06:43] [1] [INFO] Element 'continueToHomeButton' is clicked.
[2024-02-09 08:06:43] [1] [INFO] INFO: opening url 'https://www.warframe.com'
[2024-02-09 08:06:48] [1] [ERROR] TEST [Surefire test - verifyPrivacyPolicyButtonTest] FAILED at [03:06:48 2024-02-09] - element click intercepted: Element <a class="FooterNavigationLink" id="lnkFooterPrivPolicy" href="https://www.warframe.com/privacy">...</a> is not clickable at point (1321, 907). Other element would receive the click: <a class="HomeNewsTile" href="https://www.warframe.com/news/devstream-176-overview" style="background-image: url(https://www-static.warframe.com/uploads/thumbnails/77c79f9a620e4478a5c056dcc46f902_1280x720.png);">...</a>
  (Session info: chrome=121.0.6167.141)
Build info: version: '4.13.0', revision: 'ba948ece5b*'
System info: os.name: 'Windows 10', os.arch: 'amd64', os.version: '10.0', java.version: '11.0.19'
Driver info: org.openqa.selenium.remote.RemoteWebDriver
Command: [77b37ecb49de4077e5b79c39dc30f782, clickElement {id=5406F424C9B7B9DBCE5DF9D955B157FA_element_120}]
Capabilities {acceptInsecureCerts: true, browserName: chrome, browserVersion: 121.0.6167.141, chrome: {chromedriverVersion: 121.0.6167.85 (3f98d690ad7e..., userDataDir: C:\Users\lawte\AppData\Loca...}, fedcm:accounts: true, goog:chromeOptions: {debuggerAddress: localhost:57896}, networkConnectionEnabled: false, pageLoadStrategy: normal, platformName: Windows 10, proxy: Proxy(), se:bidiEnabled: false, se:cdp: ws://192.168.56.1:4444/sess..., se:cdpVersion: 121.0.6167.141, setWindowRect: true, strictFileInteractability: false, timeouts: {implicit: 0, pageLoad: 300000, script: 30000}, unhandledPromptBehavior: dismiss and notify, webauthn:extension:credBlob: true, webauthn:extension:largeBlob: true, webauthn:extension:minPinLength: true, webauthn:extension:prf: true, webauthn:virtualAuthenticators: true}
Element: [[[[RemoteWebDriver: chrome on Windows 10 (77b37ecb49de4077e5b79c39dc30f782)] -> id: footer]] -> xpath: /html/body/div[2]/div[1]/div/div[2]/div/a[4]]
Session ID: 77b37ecb49de4077e5b79c39dc30f782

java.base/jdk.internal.reflect.NativeConstructorAccessorImpl.newInstance0(Native Method)
java.base/jdk.internal.reflect.NativeConstructorAccessorImpl.newInstance(NativeConstructorAccessorImpl.java:62)
java.base/jdk.internal.reflect.DelegatingConstructorAccessorImpl.newInstance(DelegatingConstructorAccessorImpl.java:45)
java.base/java.lang.reflect.Constructor.newInstance(Constructor.java:490)
org.openqa.selenium.remote.codec.w3c.W3CHttpResponseCodec.createException(W3CHttpResponseCodec.java:200)
org.openqa.selenium.remote.codec.w3c.W3CHttpResponseCodec.decode(W3CHttpResponseCodec.java:133)
org.openqa.selenium.remote.codec.w3c.W3CHttpResponseCodec.decode(W3CHttpResponseCodec.java:52)
org.openqa.selenium.remote.HttpCommandExecutor.execute(HttpCommandExecutor.java:191)
com.zebrunner.carina.webdriver.listener.EventFiringSeleniumCommandExecutor.execute(EventFiringSeleniumCommandExecutor.java:52)
org.openqa.selenium.remote.RemoteWebDriver.execute(RemoteWebDriver.java:602)
org.openqa.selenium.remote.RemoteWebElement.execute(RemoteWebElement.java:224)
org.openqa.selenium.remote.RemoteWebElement.click(RemoteWebElement.java:77)
java.base/jdk.internal.reflect.NativeMethodAccessorImpl.invoke0(Native Method)
java.base/jdk.internal.reflect.NativeMethodAccessorImpl.invoke(NativeMethodAccessorImpl.java:62)
java.base/jdk.internal.reflect.DelegatingMethodAccessorImpl.invoke(DelegatingMethodAccessorImpl.java:43)
java.base/java.lang.reflect.Method.invoke(Method.java:566)
org.openqa.selenium.support.decorators.WebDriverDecorator.call(WebDriverDecorator.java:249)
org.openqa.selenium.support.decorators.DefaultDecorated.call(DefaultDecorated.java:48)
org.openqa.selenium.support.decorators.WebDriverDecorator.lambda$createProxy$2(WebDriverDecorator.java:321)
net.bytebuddy.renamed.java.lang.Object$ByteBuddy$UcklsSFM.click(Unknown Source)
com.zebrunner.carina.webdriver.decorator.ExtendedWebElement$3.doClick(ExtendedWebElement.java:1491)
com.zebrunner.carina.webdriver.decorator.ExtendedWebElement.executeAction(ExtendedWebElement.java:1351)
com.zebrunner.carina.webdriver.decorator.ExtendedWebElement.overrideAction(ExtendedWebElement.java:1485)
com.zebrunner.carina.webdriver.decorator.ExtendedWebElement.doAction(ExtendedWebElement.java:1464)
com.zebrunner.carina.webdriver.decorator.ExtendedWebElement.doAction(ExtendedWebElement.java:1441)
com.zebrunner.carina.webdriver.decorator.ExtendedWebElement.click(ExtendedWebElement.java:743)
com.zebrunner.carina.webdriver.decorator.ExtendedWebElement.click(ExtendedWebElement.java:723)
com.zebrunner.carina.webdriver.decorator.ExtendedWebElement.click(ExtendedWebElement.java:705)
com.solvd.carinatestautomation.web.components.Footer.pressPrivacyPolicyButton(Footer.java:42)
com.solvd.carinatestautomation.web.HomePageTest.openAndVerifyPrivacyPolicyPage(HomePageTest.java:118)
com.solvd.carinatestautomation.web.HomePageTest.verifyPrivacyPolicyButtonTest(HomePageTest.java:61)
java.base/jdk.internal.reflect.NativeMethodAccessorImpl.invoke0(Native Method)
java.base/jdk.internal.reflect.NativeMethodAccessorImpl.invoke(NativeMethodAccessorImpl.java:62)
java.base/jdk.internal.reflect.DelegatingMethodAccessorImpl.invoke(DelegatingMethodAccessorImpl.java:43)
java.base/java.lang.reflect.Method.invoke(Method.java:566)
org.testng.internal.invokers.MethodInvocationHelper.invokeMethod(MethodInvocationHelper.java:139)
org.testng.internal.invokers.TestInvoker.invokeMethod(TestInvoker.java:664)
org.testng.internal.invokers.TestInvoker.invokeTestMethod(TestInvoker.java:228)
org.testng.internal.invokers.MethodRunner.runInSequence(MethodRunner.java:63)
org.testng.internal.invokers.TestInvoker$MethodInvocationAgent.invoke(TestInvoker.java:961)
org.testng.internal.invokers.TestInvoker.invokeTestMethods(TestInvoker.java:201)
org.testng.internal.invokers.TestMethodWorker.invokeTestMethods(TestMethodWorker.java:148)
org.testng.internal.invokers.TestMethodWorker.run(TestMethodWorker.java:128)
java.base/java.util.ArrayList.forEach(ArrayList.java:1541)
org.testng.TestRunner.privateRun(TestRunner.java:819)
org.testng.TestRunner.run(TestRunner.java:619)
org.testng.SuiteRunner.runTest(SuiteRunner.java:443)
org.testng.SuiteRunner.runSequentially(SuiteRunner.java:437)
org.testng.SuiteRunner.privateRun(SuiteRunner.java:397)
org.testng.SuiteRunner.run(SuiteRunner.java:336)
org.testng.SuiteRunnerWorker.runSuite(SuiteRunnerWorker.java:52)
org.testng.SuiteRunnerWorker.run(SuiteRunnerWorker.java:95)
org.testng.TestNG.runSuitesSequentially(TestNG.java:1301)
org.testng.TestNG.runSuitesLocally(TestNG.java:1228)
org.testng.TestNG.runSuites(TestNG.java:1134)
org.testng.TestNG.run(TestNG.java:1101)
org.apache.maven.surefire.testng.TestNGExecutor.run(TestNGExecutor.java:155)
org.apache.maven.surefire.testng.TestNGDirectoryTestSuite.executeMulti(TestNGDirectoryTestSuite.java:169)
org.apache.maven.surefire.testng.TestNGDirectoryTestSuite.execute(TestNGDirectoryTestSuite.java:88)
org.apache.maven.surefire.testng.TestNGProvider.invoke(TestNGProvider.java:137)
org.apache.maven.surefire.booter.ForkedBooter.runSuitesInProcess(ForkedBooter.java:385)
org.apache.maven.surefire.booter.ForkedBooter.execute(ForkedBooter.java:162)
org.apache.maven.surefire.booter.ForkedBooter.run(ForkedBooter.java:507)
org.apache.maven.surefire.booter.ForkedBooter.main(ForkedBooter.java:495)
