<div id='container' style='width: 98%; padding: 10px; margin: 0; background: #EBEBE0; color: #717171; font-family: Calibri;'><div id='summary'><h2 align='center' style='background-color: gray; color: white; padding: 10px; margin: 0;'>FAILED: Surefire suite () -  ( chrome)</h2><br><h2 style='clear: both; margin: 0;'>Summary:</h2><hr/><table style='width: 1000px;'><tr><td style='width: 100px;'>Environment:</td><td></td></tr><tr><td>Version:</td><td></td></tr><tr><td>Browser:</td><td>chrome</td></tr><tr><td>Finished:</td><td>03:07:09 2024-02-09</td></tr><tr class='pass' style='color: #66C266;'><td>Passed: </td><td>8</td></tr><tr class='fail' style='color: #FF5C33;'><td>Failed:</td><td>7</td></tr><tr class='skip' style='color: #FFD700;'><td>Skipped:</td><td>0</td></tr><tr><td>Success rate:</td><td>53%</td></tr></table></div><br><br><div id='results'><h2 style='margin: 0;'>Test results:</h2><hr/><table cellspacing='0' cellpadding='0' style='width: 100%;'><tr><th width='10%' align='center'>Result</th><th width='75%'>Test name</th><th width='10%'>Test files</th></tr><tr><td colspan='4' class='package' style='background: gray; border-style: solid; border-width: 1px; border-color: white; padding: 5px; color: white;'>com.solvd.carinatestautomation.api</td></tr>
<tr class='pass' style='background: #66C266;'><td align='center' style='border-style: solid; border-width: 1px; border-color: white; padding: 5px; color: white;'>PASSED</td><td style='border-style: solid; border-width: 1px; border-color: white; padding: 5px; color: white;'>Surefire test - verifyGeocodeAtlanta</td><td align='center' style='border-style: solid; border-width: 1px; border-color: white; padding: 5px; color: white;'><a target='_blank' href='file://C:\Users\lawte\Documents\ApiTesting\reports\1707465972108/2f9d4e65-2d3e-4127-b8a9-e4ea5e342fc6/test.log' style='color: white;'>Logs</a></td></tr>
<tr class='fail' style='background: #FF5C33;'><td align='center' style='border-style: solid; border-width: 1px; border-color: white; padding: 5px; color: white;'>FAILED</td><td style='border-style: solid; border-width: 1px; border-color: white; padding: 5px; color: white;'><span>Surefire test - verifyGetCurrentAirPollutionByLocationWashingtonDc</span><div style="background:#ffcccc; color: black; padding: 5px; margin: 2px 0px 2px 0px;">list[0].components.no<br/>Value type 'Integer' doesn't match to expected type 'Double'<br/><br/><br/>org.skyscreamer.jsonassert.JSONAssert.assertEquals(JSONAssert.java:482)<br/>org.skyscreamer.jsonassert.JSONAssert.assertEquals(JSONAssert.java:464)<br/>com.zebrunner.carina.api.AbstractApiMethodV2.validateResponse(AbstractApiMethodV2.java:339)<br/>com.zebrunner.carina.api.AbstractApiMethodV2.validateResponse(AbstractApiMethodV2.java:299)<br/>com.zebrunner.carina.api.AbstractApiMethodV2.validateResponse(AbstractApiMethodV2.java:363)<br/>com.solvd.carinatestautomation.api.CurrentAirPollutionTest.verifyGetCurrentAirPollutionByLocationWashingtonDc(CurrentAirPollutionTest.java:15)<br/>java.base/jdk.internal.reflect.NativeMethodAccessorImpl.invoke0(Native Method)<br/>java.base/jdk.internal.reflect.NativeMethodAccessorImpl.invoke(NativeMethodAccessorImpl.java:62)<br/>java.base/jdk.internal.reflect.DelegatingMethodAccessorImpl.invoke(DelegatingMethodAccessorImpl.java:43)<br/>java.base/java.lang.reflect.Method.invoke(Method.java:566)<br/>org.testng.internal.invokers.MethodInvocationHelper.invokeMethod(MethodInvocationHelper.java:139)<br/>org.testng.internal.invokers.TestInvoker.invokeMethod(TestInvoker.java:664)<br/>org.testng.internal.invokers.TestInvoker.invokeTestMethod(TestInvoker.java:228)<br/>org.testng.internal.invokers.MethodRunner.runInSequence(MethodRunner.java:63)<br/>org.testng.internal.invokers.TestInvoker$MethodInvocationAgent.invoke(TestInvoker.java:961)<br/>org.testng.internal.invokers.TestInvoker.invokeTestMethods(TestInvoker.java:201)<br/>org.testng.internal.invokers.TestMethodWorker.invokeTestMethods(TestMethodWorker.java:148)<br/>org.testng.internal.invokers.TestMethodWorker.run(TestMethodWorker.java:128)<br/>java.base/java.util.ArrayList.forEach(ArrayList.java:1541)<br/>org.testng.TestRunner.privateRun(TestRunner.java:819)<br/>org.testng.TestRunner.run(TestRunner.java:619)<br/>org.testng.SuiteRunner.runTest(SuiteRunner.java:443)<br/>org.testng.SuiteRunner.runSequentially(SuiteRunner.java:437)<br/>org.testng.SuiteRunner.privateRun(SuiteRunner.java:397)<br/>org.testng.SuiteRunner.run(SuiteRunner.java:336)<br/>org.te...</div></td><td align='center' style='border-style: solid; border-width: 1px; border-color: white; padding: 5px; color: white;'><a target='_blank' href='file://C:\Users\lawte\Documents\ApiTesting\reports\1707465972108/7cd4a97c-9df3-4298-a0ea-1ca750c26b8b/test.log' style='color: white;'>Logs</a></td></tr>
<tr class='fail' style='background: #FF5C33;'><td align='center' style='border-style: solid; border-width: 1px; border-color: white; padding: 5px; color: white;'>FAILED</td><td style='border-style: solid; border-width: 1px; border-color: white; padding: 5px; color: white;'><span>Surefire test - verifyGetCurrentWeatherByLocationAtlanta</span><div style="background:#ffcccc; color: black; padding: 5px; margin: 2px 0px 2px 0px;">wind.speed<br/>Value type 'Integer' doesn't match to expected type 'Double'<br/><br/><br/>org.skyscreamer.jsonassert.JSONAssert.assertEquals(JSONAssert.java:482)<br/>org.skyscreamer.jsonassert.JSONAssert.assertEquals(JSONAssert.java:464)<br/>com.zebrunner.carina.api.AbstractApiMethodV2.validateResponse(AbstractApiMethodV2.java:339)<br/>com.zebrunner.carina.api.AbstractApiMethodV2.validateResponse(AbstractApiMethodV2.java:299)<br/>com.zebrunner.carina.api.AbstractApiMethodV2.validateResponse(AbstractApiMethodV2.java:363)<br/>com.solvd.carinatestautomation.api.CurrentWeatherTest.verifyGetCurrentWeatherByLocationAtlanta(CurrentWeatherTest.java:58)<br/>java.base/jdk.internal.reflect.NativeMethodAccessorImpl.invoke0(Native Method)<br/>java.base/jdk.internal.reflect.NativeMethodAccessorImpl.invoke(NativeMethodAccessorImpl.java:62)<br/>java.base/jdk.internal.reflect.DelegatingMethodAccessorImpl.invoke(DelegatingMethodAccessorImpl.java:43)<br/>java.base/java.lang.reflect.Method.invoke(Method.java:566)<br/>org.testng.internal.invokers.MethodInvocationHelper.invokeMethod(MethodInvocationHelper.java:139)<br/>org.testng.internal.invokers.TestInvoker.invokeMethod(TestInvoker.java:664)<br/>org.testng.internal.invokers.TestInvoker.invokeTestMethod(TestInvoker.java:228)<br/>org.testng.internal.invokers.MethodRunner.runInSequence(MethodRunner.java:63)<br/>org.testng.internal.invokers.TestInvoker$MethodInvocationAgent.invoke(TestInvoker.java:961)<br/>org.testng.internal.invokers.TestInvoker.invokeTestMethods(TestInvoker.java:201)<br/>org.testng.internal.invokers.TestMethodWorker.invokeTestMethods(TestMethodWorker.java:148)<br/>org.testng.internal.invokers.TestMethodWorker.run(TestMethodWorker.java:128)<br/>java.base/java.util.ArrayList.forEach(ArrayList.java:1541)<br/>org.testng.TestRunner.privateRun(TestRunner.java:819)<br/>org.testng.TestRunner.run(TestRunner.java:619)<br/>org.testng.SuiteRunner.runTest(SuiteRunner.java:443)<br/>org.testng.SuiteRunner.runSequentially(SuiteRunner.java:437)<br/>org.testng.SuiteRunner.privateRun(SuiteRunner.java:397)<br/>org.testng.SuiteRunner.run(SuiteRunner.java:336)<br/>org.testng.SuiteRunnerWorker.runSuite...</div></td><td align='center' style='border-style: solid; border-width: 1px; border-color: white; padding: 5px; color: white;'><a target='_blank' href='file://C:\Users\lawte\Documents\ApiTesting\reports\1707465972108/9f7b39d4-4272-49b8-9c91-7f2a272dd6cb/test.log' style='color: white;'>Logs</a></td></tr>
<tr class='pass' style='background: #66C266;'><td align='center' style='border-style: solid; border-width: 1px; border-color: white; padding: 5px; color: white;'>PASSED</td><td style='border-style: solid; border-width: 1px; border-color: white; padding: 5px; color: white;'>Surefire test - verifyGetCurrentWeatherByLocationNewYork</td><td align='center' style='border-style: solid; border-width: 1px; border-color: white; padding: 5px; color: white;'><a target='_blank' href='file://C:\Users\lawte\Documents\ApiTesting\reports\1707465972108/34d04476-1021-47ec-a5b9-0c303e956fb8/test.log' style='color: white;'>Logs</a></td></tr>
<tr class='pass' style='background: #66C266;'><td align='center' style='border-style: solid; border-width: 1px; border-color: white; padding: 5px; color: white;'>PASSED</td><td style='border-style: solid; border-width: 1px; border-color: white; padding: 5px; color: white;'>Surefire test - verifyGetCurrentWeatherByLocationSeoul</td><td align='center' style='border-style: solid; border-width: 1px; border-color: white; padding: 5px; color: white;'><a target='_blank' href='file://C:\Users\lawte\Documents\ApiTesting\reports\1707465972108/c00877f4-d1a0-4383-aeee-d5b2b0d939e9/test.log' style='color: white;'>Logs</a></td></tr>
<tr class='pass' style='background: #66C266;'><td align='center' style='border-style: solid; border-width: 1px; border-color: white; padding: 5px; color: white;'>PASSED</td><td style='border-style: solid; border-width: 1px; border-color: white; padding: 5px; color: white;'>Surefire test - verifyGetCurrentWeatherByLocationTokyo</td><td align='center' style='border-style: solid; border-width: 1px; border-color: white; padding: 5px; color: white;'><a target='_blank' href='file://C:\Users\lawte\Documents\ApiTesting\reports\1707465972108/aadd1d1d-2e57-4b73-ad7e-67a8e3830b19/test.log' style='color: white;'>Logs</a></td></tr>
<tr class='pass' style='background: #66C266;'><td align='center' style='border-style: solid; border-width: 1px; border-color: white; padding: 5px; color: white;'>PASSED</td><td style='border-style: solid; border-width: 1px; border-color: white; padding: 5px; color: white;'>Surefire test - verifyGetCurrentWeatherByLocationWashingtonDc</td><td align='center' style='border-style: solid; border-width: 1px; border-color: white; padding: 5px; color: white;'><a target='_blank' href='file://C:\Users\lawte\Documents\ApiTesting\reports\1707465972108/9c0e563e-774a-4978-8c4d-2e1a106a2fb7/test.log' style='color: white;'>Logs</a></td></tr>
<tr><td colspan='4' class='package' style='background: gray; border-style: solid; border-width: 1px; border-color: white; padding: 5px; color: white;'>com.solvd.carinatestautomation.web</td></tr>
<tr class='fail' style='background: #FF5C33;'><td align='center' style='border-style: solid; border-width: 1px; border-color: white; padding: 5px; color: white;'>FAILED</td><td style='border-style: solid; border-width: 1px; border-color: white; padding: 5px; color: white;'><span>Surefire test - verifyEulaButtonTest</span><div style="background:#ffcccc; color: black; padding: 5px; margin: 2px 0px 2px 0px;">element click intercepted: Element &lt;a class=&quot;FooterNavigationLink&quot; id=&quot;lnkFooter...&quot; href=&quot;https://www.warframe.com/eula&quot;&gt;EULA&lt;/a&gt; is not clickable at point (1462, 907). Other element would receive the click: &lt;a class=&quot;HomeNewsTile&quot; href=&quot;https://www.warframe.com/news/devstream-176-overview&quot; style=&quot;background-image: url(https://www-static.warframe.com/uploads/thumbnails/77c79f9a620e4478a5c056dcc46f902_1280x720.png);&quot;&gt;...&lt;/a&gt;<br/>  (Session info: chrome=121.0.6167.141)<br/>Build info: version: '4.13.0', revision: 'ba948ece5b*'<br/>System info: os.name: 'Windows 10', os.arch: 'amd64', os.version: '10.0', java.version: '11.0.19'<br/>Driver info: org.openqa.selenium.remote.RemoteWebDriver<br/>Command: [6b30d1ae4d40cdd958a9a284c8f0ad25, clickElement {id=B55CEBF65830F04A54FDED6208494599_element_120}]<br/>Capabilities {acceptInsecureCerts: true, browserName: chrome, browserVersion: 121.0.6167.141, chrome: {chromedriverVersion: 121.0.6167.85 (3f98d690ad7e..., userDataDir: C:\Users\lawte\AppData\Loca...}, fedcm:accounts: true, goog:chromeOptions: {debuggerAddress: localhost:57545}, networkConnectionEnabled: false, pageLoadStrategy: normal, platformName: Windows 10, proxy: Proxy(), se:bidiEnabled: false, se:cdp: ws://192.168.56.1:4444/sess..., se:cdpVersion: 121.0.6167.141, setWindowRect: true, strictFileInteractability: false, timeouts: {implicit: 0, pageLoad: 300000, script: 30000}, unhandledPromptBehavior: dismiss and notify, webauthn:extension:credBlob: true, webauthn:extension:largeBlob: true, webauthn:extension:minPinLength: true, webauthn:extension:prf: true, webauthn:virtualAuthenticators: true}<br/>Element: [[[[RemoteWebDriver: chrome on Windows 10 (6b30d1ae4d40cdd958a9a284c8f0ad25)] -&gt; id: footer]] -&gt; xpath: /html/body/div[2]/div[1]/div/div[2]/div/a[5]]<br/>Session ID: 6b30d1ae4d40cdd958a9a284c8f0ad25<br/><br/>java.base/jdk.internal.reflect.NativeConstructorAccessorImpl.newInstance0(Native Method)<br/>java.base/jdk.internal.reflect.NativeConstructorAccessorImpl.newInstance(NativeConstructorAccessorImpl.java:62)<br/>java.base/jdk.internal.reflect.DelegatingCons...</div></td><td align='center' style='border-style: solid; border-width: 1px; border-color: white; padding: 5px; color: white;'><a target='_blank' href='file://C:\Users\lawte\Documents\ApiTesting\reports\1707465972108/1f7bc758-4416-4081-81ea-e8a91ad46694/test.log' style='color: white;'>Logs</a></td></tr>
<tr class='pass' style='background: #66C266;'><td align='center' style='border-style: solid; border-width: 1px; border-color: white; padding: 5px; color: white;'>PASSED</td><td style='border-style: solid; border-width: 1px; border-color: white; padding: 5px; color: white;'>Surefire test - verifyLandingPageOpenTest</td><td align='center' style='border-style: solid; border-width: 1px; border-color: white; padding: 5px; color: white;'><a target='_blank' href='file://C:\Users\lawte\Documents\ApiTesting\reports\1707465972108/2175f9b6-7571-4f11-8185-626920fcfdd7/test.log' style='color: white;'>Logs</a></td></tr>
<tr class='pass' style='background: #66C266;'><td align='center' style='border-style: solid; border-width: 1px; border-color: white; padding: 5px; color: white;'>PASSED</td><td style='border-style: solid; border-width: 1px; border-color: white; padding: 5px; color: white;'>Surefire test - verifyLandingToHomeButtonTest</td><td align='center' style='border-style: solid; border-width: 1px; border-color: white; padding: 5px; color: white;'><a target='_blank' href='file://C:\Users\lawte\Documents\ApiTesting\reports\1707465972108/13ad2ed0-4400-49a4-ba27-388fc0894547/test.log' style='color: white;'>Logs</a></td></tr>
<tr class='fail' style='background: #FF5C33;'><td align='center' style='border-style: solid; border-width: 1px; border-color: white; padding: 5px; color: white;'>FAILED</td><td style='border-style: solid; border-width: 1px; border-color: white; padding: 5px; color: white;'><span>Surefire test - verifyNewsButtonTest</span><div style="background:#ffcccc; color: black; padding: 5px; margin: 2px 0px 2px 0px;">element click intercepted: Element &lt;a class=&quot;FooterNavigationLink&quot; id=&quot;lnkFooter...&quot; href=&quot;https://www.digitalextremes.com&quot;&gt;Press&lt;/a&gt; is not clickable at point (1013, 907). Other element would receive the click: &lt;a class=&quot;HomeNewsTile&quot; href=&quot;https://www.warframe.com/news/devstream-176-overview&quot; style=&quot;background-image: url(https://www-static.warframe.com/uploads/thumbnails/77c79f9a620e4478a5c056dcc46f902_1280x720.png);&quot;&gt;...&lt;/a&gt;<br/>  (Session info: chrome=121.0.6167.141)<br/>Build info: version: '4.13.0', revision: 'ba948ece5b*'<br/>System info: os.name: 'Windows 10', os.arch: 'amd64', os.version: '10.0', java.version: '11.0.19'<br/>Driver info: org.openqa.selenium.remote.RemoteWebDriver<br/>Command: [7b9a641ac7e7346d96ca7b9089f1923c, clickElement {id=E9A18227DD56A7E834A3CF775929009C_element_121}]<br/>Capabilities {acceptInsecureCerts: true, browserName: chrome, browserVersion: 121.0.6167.141, chrome: {chromedriverVersion: 121.0.6167.85 (3f98d690ad7e..., userDataDir: C:\Users\lawte\AppData\Loca...}, fedcm:accounts: true, goog:chromeOptions: {debuggerAddress: localhost:57768}, networkConnectionEnabled: false, pageLoadStrategy: normal, platformName: Windows 10, proxy: Proxy(), se:bidiEnabled: false, se:cdp: ws://192.168.56.1:4444/sess..., se:cdpVersion: 121.0.6167.141, setWindowRect: true, strictFileInteractability: false, timeouts: {implicit: 0, pageLoad: 300000, script: 30000}, unhandledPromptBehavior: dismiss and notify, webauthn:extension:credBlob: true, webauthn:extension:largeBlob: true, webauthn:extension:minPinLength: true, webauthn:extension:prf: true, webauthn:virtualAuthenticators: true}<br/>Element: [[[[RemoteWebDriver: chrome on Windows 10 (7b9a641ac7e7346d96ca7b9089f1923c)] -&gt; id: footer]] -&gt; xpath: /html/body/div[2]/div[1]/div/div[2]/div/a[2]]<br/>Session ID: 7b9a641ac7e7346d96ca7b9089f1923c<br/><br/>java.base/jdk.internal.reflect.NativeConstructorAccessorImpl.newInstance0(Native Method)<br/>java.base/jdk.internal.reflect.NativeConstructorAccessorImpl.newInstance(NativeConstructorAccessorImpl.java:62)<br/>java.base/jdk.internal.reflect.DelegatingC...</div></td><td align='center' style='border-style: solid; border-width: 1px; border-color: white; padding: 5px; color: white;'><a target='_blank' href='file://C:\Users\lawte\Documents\ApiTesting\reports\1707465972108/d8af9d71-843e-4b13-956d-d74668b1534e/test.log' style='color: white;'>Logs</a></td></tr>
<tr class='fail' style='background: #FF5C33;'><td align='center' style='border-style: solid; border-width: 1px; border-color: white; padding: 5px; color: white;'>FAILED</td><td style='border-style: solid; border-width: 1px; border-color: white; padding: 5px; color: white;'><span>Surefire test - verifyPrivacyPolicyButtonTest</span><div style="background:#ffcccc; color: black; padding: 5px; margin: 2px 0px 2px 0px;">element click intercepted: Element &lt;a class=&quot;FooterNavigationLink&quot; id=&quot;lnkFooterPrivPolicy&quot; href=&quot;https://www.warframe.com/privacy&quot;&gt;...&lt;/a&gt; is not clickable at point (1321, 907). Other element would receive the click: &lt;a class=&quot;HomeNewsTile&quot; href=&quot;https://www.warframe.com/news/devstream-176-overview&quot; style=&quot;background-image: url(https://www-static.warframe.com/uploads/thumbnails/77c79f9a620e4478a5c056dcc46f902_1280x720.png);&quot;&gt;...&lt;/a&gt;<br/>  (Session info: chrome=121.0.6167.141)<br/>Build info: version: '4.13.0', revision: 'ba948ece5b*'<br/>System info: os.name: 'Windows 10', os.arch: 'amd64', os.version: '10.0', java.version: '11.0.19'<br/>Driver info: org.openqa.selenium.remote.RemoteWebDriver<br/>Command: [77b37ecb49de4077e5b79c39dc30f782, clickElement {id=5406F424C9B7B9DBCE5DF9D955B157FA_element_120}]<br/>Capabilities {acceptInsecureCerts: true, browserName: chrome, browserVersion: 121.0.6167.141, chrome: {chromedriverVersion: 121.0.6167.85 (3f98d690ad7e..., userDataDir: C:\Users\lawte\AppData\Loca...}, fedcm:accounts: true, goog:chromeOptions: {debuggerAddress: localhost:57896}, networkConnectionEnabled: false, pageLoadStrategy: normal, platformName: Windows 10, proxy: Proxy(), se:bidiEnabled: false, se:cdp: ws://192.168.56.1:4444/sess..., se:cdpVersion: 121.0.6167.141, setWindowRect: true, strictFileInteractability: false, timeouts: {implicit: 0, pageLoad: 300000, script: 30000}, unhandledPromptBehavior: dismiss and notify, webauthn:extension:credBlob: true, webauthn:extension:largeBlob: true, webauthn:extension:minPinLength: true, webauthn:extension:prf: true, webauthn:virtualAuthenticators: true}<br/>Element: [[[[RemoteWebDriver: chrome on Windows 10 (77b37ecb49de4077e5b79c39dc30f782)] -&gt; id: footer]] -&gt; xpath: /html/body/div[2]/div[1]/div/div[2]/div/a[4]]<br/>Session ID: 77b37ecb49de4077e5b79c39dc30f782<br/><br/>java.base/jdk.internal.reflect.NativeConstructorAccessorImpl.newInstance0(Native Method)<br/>java.base/jdk.internal.reflect.NativeConstructorAccessorImpl.newInstance(NativeConstructorAccessorImpl.java:62)<br/>java.base/jdk.internal.reflect.Deleg...</div></td><td align='center' style='border-style: solid; border-width: 1px; border-color: white; padding: 5px; color: white;'><a target='_blank' href='file://C:\Users\lawte\Documents\ApiTesting\reports\1707465972108/e751c064-03a9-4104-80c0-6bd13fe0c617/test.log' style='color: white;'>Logs</a></td></tr>
<tr class='pass' style='background: #66C266;'><td align='center' style='border-style: solid; border-width: 1px; border-color: white; padding: 5px; color: white;'>PASSED</td><td style='border-style: solid; border-width: 1px; border-color: white; padding: 5px; color: white;'>Surefire test - verifyRotatingButtonTest</td><td align='center' style='border-style: solid; border-width: 1px; border-color: white; padding: 5px; color: white;'><a target='_blank' href='file://C:\Users\lawte\Documents\ApiTesting\reports\1707465972108/c7771b62-2076-4ec3-b961-cf99751aa015/test.log' style='color: white;'>Logs</a></td></tr>
<tr class='fail' style='background: #FF5C33;'><td align='center' style='border-style: solid; border-width: 1px; border-color: white; padding: 5px; color: white;'>FAILED</td><td style='border-style: solid; border-width: 1px; border-color: white; padding: 5px; color: white;'><span>Surefire test - verifyTermsOfUseButtonTest</span><div style="background:#ffcccc; color: black; padding: 5px; margin: 2px 0px 2px 0px;">element click intercepted: Element &lt;a class=&quot;FooterNavigationLink&quot; id=&quot;lnkFooterTOU&quot; href=&quot;https://www.warframe.com/terms&quot;&gt;...&lt;/a&gt; is not clickable at point (1150, 907). Other element would receive the click: &lt;a class=&quot;HomeNewsTile&quot; href=&quot;https://www.warframe.com/news/devstream-176-overview&quot; style=&quot;background-image: url(https://www-static.warframe.com/uploads/thumbnails/77c79f9a620e4478a5c056dcc46f902_1280x720.png);&quot;&gt;...&lt;/a&gt;<br/>  (Session info: chrome=121.0.6167.141)<br/>Build info: version: '4.13.0', revision: 'ba948ece5b*'<br/>System info: os.name: 'Windows 10', os.arch: 'amd64', os.version: '10.0', java.version: '11.0.19'<br/>Driver info: org.openqa.selenium.remote.RemoteWebDriver<br/>Command: [a82be4d881581dffc5889bfe889e2bee, clickElement {id=74D09D96E84F706451C83F7A497A0A64_element_121}]<br/>Capabilities {acceptInsecureCerts: true, browserName: chrome, browserVersion: 121.0.6167.141, chrome: {chromedriverVersion: 121.0.6167.85 (3f98d690ad7e..., userDataDir: C:\Users\lawte\AppData\Loca...}, fedcm:accounts: true, goog:chromeOptions: {debuggerAddress: localhost:58114}, networkConnectionEnabled: false, pageLoadStrategy: normal, platformName: Windows 10, proxy: Proxy(), se:bidiEnabled: false, se:cdp: ws://192.168.56.1:4444/sess..., se:cdpVersion: 121.0.6167.141, setWindowRect: true, strictFileInteractability: false, timeouts: {implicit: 0, pageLoad: 300000, script: 30000}, unhandledPromptBehavior: dismiss and notify, webauthn:extension:credBlob: true, webauthn:extension:largeBlob: true, webauthn:extension:minPinLength: true, webauthn:extension:prf: true, webauthn:virtualAuthenticators: true}<br/>Element: [[[[RemoteWebDriver: chrome on Windows 10 (a82be4d881581dffc5889bfe889e2bee)] -&gt; id: footer]] -&gt; xpath: /html/body/div[2]/div[1]/div/div[2]/div/a[3]]<br/>Session ID: a82be4d881581dffc5889bfe889e2bee<br/><br/>java.base/jdk.internal.reflect.NativeConstructorAccessorImpl.newInstance0(Native Method)<br/>java.base/jdk.internal.reflect.NativeConstructorAccessorImpl.newInstance(NativeConstructorAccessorImpl.java:62)<br/>java.base/jdk.internal.reflect.DelegatingCons...</div></td><td align='center' style='border-style: solid; border-width: 1px; border-color: white; padding: 5px; color: white;'><a target='_blank' href='file://C:\Users\lawte\Documents\ApiTesting\reports\1707465972108/cc50ad4c-67f1-4c49-a606-ca8e02d7e4e2/test.log' style='color: white;'>Logs</a></td></tr>
<tr class='fail' style='background: #FF5C33;'><td align='center' style='border-style: solid; border-width: 1px; border-color: white; padding: 5px; color: white;'>FAILED</td><td style='border-style: solid; border-width: 1px; border-color: white; padding: 5px; color: white;'><span>Surefire test - verifyVideosButtonTest</span><div style="background:#ffcccc; color: black; padding: 5px; margin: 2px 0px 2px 0px;">Getting the value of parameter 'url' as required failed: the value is missing.<br/><br/>com.zebrunner.carina.utils.config.Configuration.lambda$getRequired$0(Configuration.java:163)<br/>java.base/java.util.Optional.orElseThrow(Optional.java:408)<br/>com.zebrunner.carina.utils.config.Configuration.getRequired(Configuration.java:162)<br/>com.zebrunner.carina.utils.config.Configuration.getRequired(Configuration.java:157)<br/>com.zebrunner.carina.webdriver.DriverHelper.getEnvArgURL(DriverHelper.java:385)<br/>com.zebrunner.carina.webdriver.DriverHelper.openURL(DriverHelper.java:119)<br/>com.zebrunner.carina.webdriver.DriverHelper.openURL(DriverHelper.java:109)<br/>com.zebrunner.carina.webdriver.DriverHelper.open(DriverHelper.java:100)<br/>com.solvd.carinatestautomation.web.HomePageTest.openAndVerifyPlayWarframeYouTubePage(HomePageTest.java:98)<br/>com.solvd.carinatestautomation.web.HomePageTest.verifyVideosButtonTest(HomePageTest.java:40)<br/>java.base/jdk.internal.reflect.NativeMethodAccessorImpl.invoke0(Native Method)<br/>java.base/jdk.internal.reflect.NativeMethodAccessorImpl.invoke(NativeMethodAccessorImpl.java:62)<br/>java.base/jdk.internal.reflect.DelegatingMethodAccessorImpl.invoke(DelegatingMethodAccessorImpl.java:43)<br/>java.base/java.lang.reflect.Method.invoke(Method.java:566)<br/>org.testng.internal.invokers.MethodInvocationHelper.invokeMethod(MethodInvocationHelper.java:139)<br/>org.testng.internal.invokers.TestInvoker.invokeMethod(TestInvoker.java:664)<br/>org.testng.internal.invokers.TestInvoker.invokeTestMethod(TestInvoker.java:228)<br/>org.testng.internal.invokers.MethodRunner.runInSequence(MethodRunner.java:63)<br/>org.testng.internal.invokers.TestInvoker$MethodInvocationAgent.invoke(TestInvoker.java:961)<br/>org.testng.internal.invokers.TestInvoker.invokeTestMethods(TestInvoker.java:201)<br/>org.testng.internal.invokers.TestMethodWorker.invokeTestMethods(TestMethodWorker.java:148)<br/>org.testng.internal.invokers.TestMethodWorker.run(TestMethodWorker.java:128)<br/>java.base/java.util.ArrayList.forEach(ArrayList.java:1541)<br/>org.testng.TestRunner.privateRun(TestRunner.java:819)<br/>org.testng.TestRunn...</div></td><td align='center' style='border-style: solid; border-width: 1px; border-color: white; padding: 5px; color: white;'><a target='_blank' href='file://C:\Users\lawte\Documents\ApiTesting\reports\1707465972108/13d46287-4817-4d92-815d-8c81b952017b/test.log' style='color: white;'>Logs</a></td></tr>
</table></div></div>
